<?xml version="1.0" encoding="UTF-8" standalone="no"?>
<!DOCTYPE log SYSTEM "logger.dtd">
<log>
<record>
  <date>2023-10-03T00:43:19.643-0300</date>
  <logger>DANIELLY RAYANNE MACEDO LIMA</logger>
  <level>FINE</level>
  <message>File 122110702-DANIELLY RAYANNE MACEDO LIMA.zip was received. It was sent by DANIELLY RAYANNE MACEDO LIMA from IP 192.168.1.8 at 03-10-2023 00*43*19</message>
</record>
</log>
<?xml version="1.0" encoding="UTF-8" standalone="no"?>
<!DOCTYPE log SYSTEM "logger.dtd">
<log>
<record>
  <date>2023-10-04T07:45:18.665-0300</date>
  <logger>DANIELLY RAYANNE MACEDO LIMA</logger>
  <level>FINE</level>
  <message>File 122110702-DANIELLY RAYANNE MACEDO LIMA.zip was received. It was sent by DANIELLY RAYANNE MACEDO LIMA from IP 192.168.1.8 at 04-10-2023 07*45*18</message>
</record>
</log>
<?xml version="1.0" encoding="UTF-8" standalone="no"?>
<!DOCTYPE log SYSTEM "logger.dtd">
<log>
<record>
  <date>2023-10-06T10:25:05.032-0300</date>
  <logger>DANIELLY RAYANNE MACEDO LIMA</logger>
  <level>FINE</level>
  <message>File 122110702-DANIELLY RAYANNE MACEDO LIMA.zip was received. It was sent by DANIELLY RAYANNE MACEDO LIMA from IP 192.168.1.8 at 06-10-2023 10*25*05</message>
</record>
